<?xml version="1.0" encoding="UTF-8"?>
<!-- Generated by org.testng.reporters.JUnitReportReporter -->
<testsuite hostname="LAPTOP-3BTCSV6S" failures="5" tests="15" name="com.CallTaxiService.cucumber.runners.TestRunner1" time="68.819" errors="0" timestamp="2025-07-29T13:13:51 IST" skipped="0">
  <testcase classname="com.CallTaxiService.cucumber.runners.TestRunner1" name="runScenario" time="2.448"/>
  <testcase classname="com.CallTaxiService.cucumber.runners.TestRunner1" name="runScenario" time="2.042"/>
  <testcase classname="com.CallTaxiService.cucumber.runners.TestRunner1" name="runScenario" time="2.625">
    <failure message="Pickup Date error message mismatch! Expected: &#039;Pickup date should be valid&#039;, Actual: &#039;&#039;" type="java.lang.AssertionError">
      <![CDATA[java.lang.AssertionError: Pickup Date error message mismatch! Expected: 'Pickup date should be valid', Actual: ''
at org.junit.Assert.fail(Assert.java:89)
at org.junit.Assert.assertTrue(Assert.java:42)
at com.CallTaxiService.cucumber.stepDefinitions.BookingSteps.pickup_date_error_displayed(BookingSteps.java:258)
at ✽.Error message "Pickup date should be valid" should be shown under Pickup Date field(file:///C:/Users/krish/eclipse-workspace/Sprint2/src/test/java/com/CallTaxiService/cucumber/features/CabBookingValidation.feature:78)
]]>
    </failure>
  </testcase> <!-- runScenario -->
  <testcase classname="com.CallTaxiService.cucumber.runners.TestRunner1" name="runScenario" time="1.784"/>
  <testcase classname="com.CallTaxiService.cucumber.runners.TestRunner1" name="runScenario" time="2.665">
    <failure message="Pickup Time error message mismatch! Expected: &#039;Invalid time format&#039;, Actual: &#039;&#039;" type="java.lang.AssertionError">
      <![CDATA[java.lang.AssertionError: Pickup Time error message mismatch! Expected: 'Invalid time format', Actual: ''
at org.junit.Assert.fail(Assert.java:89)
at org.junit.Assert.assertTrue(Assert.java:42)
at com.CallTaxiService.cucumber.stepDefinitions.BookingSteps.pickup_time_error_displayed(BookingSteps.java:276)
at ✽.Error message "Invalid time format" should be shown under Pickup Time field(file:///C:/Users/krish/eclipse-workspace/Sprint2/src/test/java/com/CallTaxiService/cucumber/features/CabBookingValidation.feature:87)
]]>
    </failure>
  </testcase> <!-- runScenario -->
  <testcase classname="com.CallTaxiService.cucumber.runners.TestRunner1" name="runScenario" time="2.272"/>
  <testcase classname="com.CallTaxiService.cucumber.runners.TestRunner1" name="runScenario" time="2.845">
    <failure message="Email field error mismatch! Expected: &#039;Please enter valid email&#039;, Actual: &#039;&#039;" type="java.lang.AssertionError">
      <![CDATA[java.lang.AssertionError: Email field error mismatch! Expected: 'Please enter valid email', Actual: ''
at org.junit.Assert.fail(Assert.java:89)
at org.junit.Assert.assertTrue(Assert.java:42)
at com.CallTaxiService.cucumber.stepDefinitions.BookingSteps.email_field_error_displayed(BookingSteps.java:165)
at ✽.Error message "Please enter valid email" should be shown under Email field(file:///C:/Users/krish/eclipse-workspace/Sprint2/src/test/java/com/CallTaxiService/cucumber/features/CabBookingValidation.feature:28)
]]>
    </failure>
  </testcase> <!-- runScenario -->
  <testcase classname="com.CallTaxiService.cucumber.runners.TestRunner1" name="runScenario" time="3.595">
    <failure message="Phone error message mismatch! Expected: &#039;Invalid Phone Number&#039;, Actual: &#039;&#039;" type="java.lang.AssertionError">
      <![CDATA[java.lang.AssertionError: Phone error message mismatch! Expected: 'Invalid Phone Number', Actual: ''
at org.junit.Assert.fail(Assert.java:89)
at org.junit.Assert.assertTrue(Assert.java:42)
at com.CallTaxiService.cucumber.stepDefinitions.BookingSteps.phone_error_displayed(BookingSteps.java:240)
at ✽.Error message "Invalid Phone Number" should be shown under Phone field(file:///C:/Users/krish/eclipse-workspace/Sprint2/src/test/java/com/CallTaxiService/cucumber/features/CabBookingValidation.feature:69)
]]>
    </failure>
  </testcase> <!-- runScenario -->
  <testcase classname="com.CallTaxiService.cucumber.runners.TestRunner1" name="runScenario" time="2.531"/>
  <testcase classname="com.CallTaxiService.cucumber.runners.TestRunner1" name="runScenario" time="2.898"/>
  <testcase classname="com.CallTaxiService.cucumber.runners.TestRunner1" name="runScenario" time="1.977"/>
  <testcase classname="com.CallTaxiService.cucumber.runners.TestRunner1" name="runScenario" time="15.244">
    <failure message="BUG: Expected Trip Type error message &#039;Error Message for Trip Type Field&#039; was NOT displayed. This indicates a bug in the application. Expected Trip Type Selection error message not found: By.id: invalidtriptype. Timeout: 10s
For documentation on this error, please visit: https://www.selenium.dev/documentation/webdriver/troubleshooting/errors#no-such-element-exception
Build info: version: &#039;4.20.0&#039;, revision: &#039;866c76ca80&#039;
System info: os.name: &#039;Windows 11&#039;, os.arch: &#039;amd64&#039;, os.version: &#039;10.0&#039;, java.version: &#039;21.0.7&#039;
Driver info: driver.version: unknown" type="java.lang.AssertionError">
      <![CDATA[java.lang.AssertionError: BUG: Expected Trip Type error message 'Error Message for Trip Type Field' was NOT displayed. This indicates a bug in the application. Expected Trip Type Selection error message not found: By.id: invalidtriptype. Timeout: 10s
For documentation on this error, please visit: https://www.selenium.dev/documentation/webdriver/troubleshooting/errors#no-such-element-exception
Build info: version: '4.20.0', revision: '866c76ca80'
System info: os.name: 'Windows 11', os.arch: 'amd64', os.version: '10.0', java.version: '21.0.7'
Driver info: driver.version: unknown
at org.junit.Assert.fail(Assert.java:89)
at com.CallTaxiService.cucumber.stepDefinitions.BookingSteps.trip_type_error_displayed(BookingSteps.java:300)
at ✽.Error message "Error Message for Trip Type Field" should be shown under Trip Type field(file:///C:/Users/krish/eclipse-workspace/Sprint2/src/test/java/com/CallTaxiService/cucumber/features/CabBookingValidation.feature:96)
]]>
    </failure>
  </testcase> <!-- runScenario -->
  <testcase classname="com.CallTaxiService.cucumber.runners.TestRunner1" name="runScenario" time="20.158"/>
  <testcase classname="com.CallTaxiService.cucumber.runners.TestRunner1" name="runScenario" time="3.345"/>
  <testcase classname="com.CallTaxiService.cucumber.runners.TestRunner1" name="runScenario" time="2.390"/>
</testsuite> <!-- com.CallTaxiService.cucumber.runners.TestRunner1 -->
